Using pre-set license
Built from '2020.3/staging' branch; Version is '2020.3.13f1 (71691879b7f5) revision 7432472'; Using compiler version '192528614'; Build Type 'Release'
OS: 'Windows 10 Pro; OS build 22000.434; Version 2009; 64bit' Language: 'en' Physical Memory: 32668 MB
BatchMode: 1, IsHumanControllingUs: 0, StartBugReporterOnCrash: 0, Is64bit: 1, IsPro: 0

 COMMAND LINE ARGUMENTS:
G:\Unity Editors\2020.3.13f1\Editor\Unity.exe
-adb2
-batchMode
-noUpm
-name
AssetImportWorker0
-projectPath
E:/MCAST/Pacman-Reborn
-logFile
Logs/AssetImportWorker0.log
-srvPort
61521
Successfully changed project path to: E:/MCAST/Pacman-Reborn
E:/MCAST/Pacman-Reborn
Using Asset Import Pipeline V2.
Refreshing native plugins compatible for Editor in 54.69 ms, found 3 plugins.
Preloading 0 native plugins for Editor in 0.00 ms.
Initialize engine version: 2020.3.13f1 (71691879b7f5)
[Subsystems] Discovering subsystems at path G:/Unity Editors/2020.3.13f1/Editor/Data/Resources/UnitySubsystems
[Subsystems] Discovering subsystems at path E:/MCAST/Pacman-Reborn/Assets
GfxDevice: creating device client; threaded=0
Direct3D:
    Version:  Direct3D 11.0 [level 11.1]
    Renderer: NVIDIA GeForce RTX 2070 (ID=0x1f07)
    Vendor:   
    VRAM:     8031 MB
    Driver:   30.0.14.9729
Initialize mono
Mono path[0] = 'G:/Unity Editors/2020.3.13f1/Editor/Data/Managed'
Mono path[1] = 'G:/Unity Editors/2020.3.13f1/Editor/Data/MonoBleedingEdge/lib/mono/unityjit'
Mono config path = 'G:/Unity Editors/2020.3.13f1/Editor/Data/MonoBleedingEdge/etc'
Using monoOptions --debugger-agent=transport=dt_socket,embedding=1,server=y,suspend=n,address=127.0.0.1:56688
Begin MonoManager ReloadAssembly
Registering precompiled unity dll's ...
Register platform support module: G:/Unity Editors/2020.3.13f1/Editor/Data/PlaybackEngines/WebGLSupport/UnityEditor.WebGL.Extensions.dll
Register platform support module: G:/Unity Editors/2020.3.13f1/Editor/Data/PlaybackEngines/MacStandaloneSupport/UnityEditor.OSXStandalone.Extensions.dll
Register platform support module: G:/Unity Editors/2020.3.13f1/Editor/Data/PlaybackEngines/WindowsStandaloneSupport/UnityEditor.WindowsStandalone.Extensions.dll
Register platform support module: G:/Unity Editors/2020.3.13f1/Editor/Data/PlaybackEngines/LinuxStandaloneSupport/UnityEditor.LinuxStandalone.Extensions.dll
Register platform support module: G:/Unity Editors/2020.3.13f1/Editor/Data/PlaybackEngines/LuminSupport/UnityEditor.Lumin.Extensions.dll
Registered in 0.001687 seconds.
Native extension for Lumin target not found
Native extension for LinuxStandalone target not found
Native extension for WindowsStandalone target not found
Native extension for OSXStandalone target not found
Native extension for WebGL target not found
Refreshing native plugins compatible for Editor in 41.52 ms, found 3 plugins.
Preloading 0 native plugins for Editor in 0.00 ms.
Mono: successfully reloaded assembly
- Completed reload, in  1.734 seconds
Platform modules already initialized, skipping
Registering precompiled user dll's ...
Registered in 0.001961 seconds.
Begin MonoManager ReloadAssembly
Native extension for Lumin target not found
Native extension for LinuxStandalone target not found
Native extension for WindowsStandalone target not found
Native extension for OSXStandalone target not found
Native extension for WebGL target not found
Refreshing native plugins compatible for Editor in 36.42 ms, found 3 plugins.
Preloading 0 native plugins for Editor in 0.00 ms.
[ScriptCompilation] NOT recompiling all scripts because this is an import worker process. Reason to compile was: Define symbols changed
Mono: successfully reloaded assembly
- Completed reload, in  0.987 seconds
Platform modules already initialized, skipping
========================================================================
Worker process is ready to serve import requests
Launched and connected shader compiler UnityShaderCompiler.exe after 0.04 seconds
Refreshing native plugins compatible for Editor in 0.41 ms, found 3 plugins.
Preloading 0 native plugins for Editor in 0.00 ms.
Unloading 2217 Unused Serialized files (Serialized files now loaded: 0)
System memory in use before: 101.6 MB.
System memory in use after: 101.7 MB.

Unloading 28 unused Assets to reduce memory usage. Loaded Objects now: 2655.
Total: 1.946500 ms (FindLiveObjects: 0.178400 ms CreateObjectMapping: 0.100700 ms MarkObjects: 1.610200 ms  DeleteObjects: 0.056500 ms)

AssetImportParameters requested are different than current active one (requested -> active):
  custom:framework-win-MediaFoundation: 216162199b28c13a410421893ffa2e32 -> 
  custom:video-decoder-ogg-theora: a1e56fd34408186e4bbccfd4996cb3dc -> 
  custom:container-muxer-webm: aa71ff27fc2769a1b78a27578f13a17b -> 
  custom:container-demuxer-webm: 4f35f7cbe854078d1ac9338744f61a02 -> 
  custom:container-demuxer-ogg: 62fdf1f143b41e24485cea50d1cbac27 -> 
  custom:video-encoder-webm-vp8: eb34c28f22e8b96e1ab97ce403110664 -> 
  custom:video-codec-MediaFoundation-h265: e54d7ab0439102e2317fc1e4b246158d -> 
  custom:video-decoder-webm-vp8: 9c59270c3fd7afecdb556c50c9e8de78 -> 
  custom:audio-decoder-ogg-vorbis: bf7c407c2cedff20999df2af8eb42d56 -> 
  custom:audio-encoder-webm-vorbis: bf7c407c2cedff20999df2af8eb42d56 -> 
========================================================================
Received Import Request.
  path: Assets/Scenes/SampleScene_Profiles/GameObject Profile.asset
  artifactKey: Guid(2cbf3f1baeda1864585646b5dea9e0fb) Importer(815301076,1909f56bfc062723c751e8b465ee728b)
Start importing Assets/Scenes/SampleScene_Profiles/GameObject Profile.asset using Guid(2cbf3f1baeda1864585646b5dea9e0fb) Importer(815301076,1909f56bfc062723c751e8b465ee728b)  -> (artifact id: '6380040f3b4bd72b7376aeb9fad1581c') in 0.041326 seconds 
  Import took 0.044296 seconds .

========================================================================
Received Import Request.
  Time since last request: 3.235926 seconds.
  path: Assets/Scenes/SampleScene_Profiles/GameObject Profile.asset
  artifactKey: Guid(2cbf3f1baeda1864585646b5dea9e0fb) Importer(815301076,1909f56bfc062723c751e8b465ee728b)
Start importing Assets/Scenes/SampleScene_Profiles/GameObject Profile.asset using Guid(2cbf3f1baeda1864585646b5dea9e0fb) Importer(815301076,1909f56bfc062723c751e8b465ee728b)  -> (artifact id: '3d94eb01d60b696d33b3ef6a6ebd8c70') in 0.016575 seconds 
  Import took 0.021629 seconds .

========================================================================
Received Import Request.
  Time since last request: 274.766717 seconds.
  path: Packages/com.unity.postprocessing
  artifactKey: Guid(ff33dd3b13e5d4fd46bda47b475045d2) Importer(815301076,1909f56bfc062723c751e8b465ee728b)
Start importing Packages/com.unity.postprocessing using Guid(ff33dd3b13e5d4fd46bda47b475045d2) Importer(815301076,1909f56bfc062723c751e8b465ee728b)  -> (artifact id: '974e4e3d3e6d814ff42e6dc861a9294e') in 0.013385 seconds 
  Import took 0.018379 seconds .

========================================================================
Received Import Request.
  Time since last request: 0.064355 seconds.
  path: Packages/com.unity.postprocessing/package.json
  artifactKey: Guid(2705889b3a9580a47b334f039bfdcb00) Importer(815301076,1909f56bfc062723c751e8b465ee728b)
Start importing Packages/com.unity.postprocessing/package.json using Guid(2705889b3a9580a47b334f039bfdcb00) Importer(815301076,1909f56bfc062723c751e8b465ee728b)  -> (artifact id: 'd59e2eb80c4544405006d5d6142d5efa') in 0.043704 seconds 
  Import took 0.047106 seconds .

========================================================================
Received Import Request.
  Time since last request: 0.808104 seconds.
  path: Packages/com.unity.postprocessing/PostProcessing
  artifactKey: Guid(0d256a256b5667448bb3f33f75dbb4bf) Importer(815301076,1909f56bfc062723c751e8b465ee728b)
Start importing Packages/com.unity.postprocessing/PostProcessing using Guid(0d256a256b5667448bb3f33f75dbb4bf) Importer(815301076,1909f56bfc062723c751e8b465ee728b)  -> (artifact id: '52d6d4c1a6c14b7e69ae1fbdcd7099f7') in 0.012467 seconds 
  Import took 0.016095 seconds .

========================================================================
Received Import Request.
  Time since last request: 0.060967 seconds.
  path: Packages/com.unity.postprocessing/PostProcessing/PostProcessResources.asset
  artifactKey: Guid(d82512f9c8e5d4a4d938b575d47f88d4) Importer(815301076,1909f56bfc062723c751e8b465ee728b)
Start importing Packages/com.unity.postprocessing/PostProcessing/PostProcessResources.asset using Guid(d82512f9c8e5d4a4d938b575d47f88d4) Importer(815301076,1909f56bfc062723c751e8b465ee728b)  -> (artifact id: '6af8c186082e2f8dbe5ac68ab69e184b') in 0.031097 seconds 
  Import took 0.036236 seconds .

========================================================================
Received Import Request.
  Time since last request: 2.230068 seconds.
  path: Packages/com.unity.postprocessing/PostProcessing/Runtime
  artifactKey: Guid(1bdda73de20b6a54592f998f94de3b64) Importer(815301076,1909f56bfc062723c751e8b465ee728b)
Start importing Packages/com.unity.postprocessing/PostProcessing/Runtime using Guid(1bdda73de20b6a54592f998f94de3b64) Importer(815301076,1909f56bfc062723c751e8b465ee728b)  -> (artifact id: 'c26848c10ec88188381d209864f540cf') in 0.012808 seconds 
  Import took 0.015657 seconds .

========================================================================
Received Import Request.
  Time since last request: 0.065473 seconds.
  path: Packages/com.unity.postprocessing/PostProcessing/Runtime/Unity.Postprocessing.Runtime.asmdef
  artifactKey: Guid(d60799ab2a985554ea1a39cd38695018) Importer(815301076,1909f56bfc062723c751e8b465ee728b)
Start importing Packages/com.unity.postprocessing/PostProcessing/Runtime/Unity.Postprocessing.Runtime.asmdef using Guid(d60799ab2a985554ea1a39cd38695018) Importer(815301076,1909f56bfc062723c751e8b465ee728b)  -> (artifact id: '2bfc32becba0bf9357b421912d07b0ec') in 0.016764 seconds 
  Import took 0.020902 seconds .

========================================================================
Received Import Request.
  Time since last request: 0.922829 seconds.
  path: Packages/com.unity.postprocessing/PostProcessing/Runtime/PostProcessDebug.cs
  artifactKey: Guid(c520d478f3d2445429bd7ac9c92b03a3) Importer(815301076,1909f56bfc062723c751e8b465ee728b)
Start importing Packages/com.unity.postprocessing/PostProcessing/Runtime/PostProcessDebug.cs using Guid(c520d478f3d2445429bd7ac9c92b03a3) Importer(815301076,1909f56bfc062723c751e8b465ee728b)  -> (artifact id: '9b49fd974cb6dc86c458b7a560063b82') in 0.021425 seconds 
  Import took 0.025183 seconds .

========================================================================
Received Import Request.
  Time since last request: 1.257669 seconds.
  path: Packages/com.unity.postprocessing/PostProcessing/Runtime/PostProcessLayer.cs
  artifactKey: Guid(948f4100a11a5c24981795d21301da5c) Importer(815301076,1909f56bfc062723c751e8b465ee728b)
Start importing Packages/com.unity.postprocessing/PostProcessing/Runtime/PostProcessLayer.cs using Guid(948f4100a11a5c24981795d21301da5c) Importer(815301076,1909f56bfc062723c751e8b465ee728b)  -> (artifact id: '3b6bb67715004572e73a2b146793cf50') in 0.024177 seconds 
  Import took 0.027461 seconds .

========================================================================
Received Import Request.
  Time since last request: 9.879745 seconds.
  path: Packages/com.unity.postprocessing/PostProcessing/Runtime/PostProcessVolume.cs
  artifactKey: Guid(8b9a305e18de0c04dbd257a21cd47087) Importer(815301076,1909f56bfc062723c751e8b465ee728b)
Start importing Packages/com.unity.postprocessing/PostProcessing/Runtime/PostProcessVolume.cs using Guid(8b9a305e18de0c04dbd257a21cd47087) Importer(815301076,1909f56bfc062723c751e8b465ee728b)  -> (artifact id: 'b9571c8dd95c938ab17b0112f225a4f7') in 0.013202 seconds 
  Import took 0.017940 seconds .

========================================================================
Received Import Request.
  Time since last request: 0.872475 seconds.
  path: Packages/com.unity.postprocessing/PostProcessing/Runtime/PostProcessProfile.cs
  artifactKey: Guid(8e6292b2c06870d4495f009f912b9600) Importer(815301076,1909f56bfc062723c751e8b465ee728b)
Start importing Packages/com.unity.postprocessing/PostProcessing/Runtime/PostProcessProfile.cs using Guid(8e6292b2c06870d4495f009f912b9600) Importer(815301076,1909f56bfc062723c751e8b465ee728b)  -> (artifact id: '1d0da9572d6b98ad6f5bb7e51747910e') in 0.013412 seconds 
  Import took 0.016325 seconds .

========================================================================
Received Import Request.
  Time since last request: 13.635005 seconds.
  path: ProjectSettings/TagManager.asset
  artifactKey: Guid(00000000000000003000000000000000) Importer(815301076,1909f56bfc062723c751e8b465ee728b)
Start importing ProjectSettings/TagManager.asset using Guid(00000000000000003000000000000000) Importer(815301076,1909f56bfc062723c751e8b465ee728b)  -> (artifact id: '95df672b4aaba54310d34c83eef51bb8') in 0.012268 seconds 
  Import took 0.015129 seconds .

========================================================================
Received Prepare
Registering precompiled user dll's ...
Registered in 0.002753 seconds.
Begin MonoManager ReloadAssembly
Native extension for Lumin target not found
Native extension for LinuxStandalone target not found
Native extension for WindowsStandalone target not found
Native extension for OSXStandalone target not found
Native extension for WebGL target not found
Refreshing native plugins compatible for Editor in 0.47 ms, found 3 plugins.
Preloading 0 native plugins for Editor in 0.00 ms.
[ScriptCompilation] NOT recompiling all scripts because this is an import worker process. Reason to compile was: Define symbols changed
Mono: successfully reloaded assembly
- Completed reload, in  1.350 seconds
Platform modules already initialized, skipping
Refreshing native plugins compatible for Editor in 0.49 ms, found 3 plugins.
Preloading 0 native plugins for Editor in 0.00 ms.
Unloading 2180 Unused Serialized files (Serialized files now loaded: 0)
System memory in use before: 98.6 MB.
System memory in use after: 98.7 MB.

Unloading 17 unused Assets to reduce memory usage. Loaded Objects now: 2658.
Total: 2.911800 ms (FindLiveObjects: 0.218100 ms CreateObjectMapping: 0.275400 ms MarkObjects: 2.400200 ms  DeleteObjects: 0.017200 ms)

AssetImportParameters requested are different than current active one (requested -> active):
  custom:framework-win-MediaFoundation: 216162199b28c13a410421893ffa2e32 -> 
  custom:video-decoder-ogg-theora: a1e56fd34408186e4bbccfd4996cb3dc -> 
  custom:container-muxer-webm: aa71ff27fc2769a1b78a27578f13a17b -> 
  custom:container-demuxer-webm: 4f35f7cbe854078d1ac9338744f61a02 -> 
  custom:container-demuxer-ogg: 62fdf1f143b41e24485cea50d1cbac27 -> 
  custom:video-encoder-webm-vp8: eb34c28f22e8b96e1ab97ce403110664 -> 
  custom:video-codec-MediaFoundation-h265: e54d7ab0439102e2317fc1e4b246158d -> 
  custom:video-decoder-webm-vp8: 9c59270c3fd7afecdb556c50c9e8de78 -> 
  custom:audio-decoder-ogg-vorbis: bf7c407c2cedff20999df2af8eb42d56 -> 
  custom:audio-encoder-webm-vorbis: bf7c407c2cedff20999df2af8eb42d56 -> 
========================================================================
Received Prepare
Registering precompiled user dll's ...
Registered in 0.002275 seconds.
Begin MonoManager ReloadAssembly
Native extension for Lumin target not found
Native extension for LinuxStandalone target not found
Native extension for WindowsStandalone target not found
Native extension for OSXStandalone target not found
Native extension for WebGL target not found
Refreshing native plugins compatible for Editor in 0.88 ms, found 3 plugins.
Preloading 0 native plugins for Editor in 0.00 ms.
[ScriptCompilation] NOT recompiling all scripts because this is an import worker process. Reason to compile was: Define symbols changed
Mono: successfully reloaded assembly
- Completed reload, in  1.476 seconds
Platform modules already initialized, skipping
Refreshing native plugins compatible for Editor in 0.59 ms, found 3 plugins.
Preloading 0 native plugins for Editor in 0.00 ms.
Unloading 2180 Unused Serialized files (Serialized files now loaded: 0)
System memory in use before: 98.6 MB.
System memory in use after: 98.8 MB.

Unloading 16 unused Assets to reduce memory usage. Loaded Objects now: 2661.
Total: 4.338100 ms (FindLiveObjects: 0.197600 ms CreateObjectMapping: 0.099700 ms MarkObjects: 4.015800 ms  DeleteObjects: 0.023400 ms)

AssetImportParameters requested are different than current active one (requested -> active):
  custom:framework-win-MediaFoundation: 216162199b28c13a410421893ffa2e32 -> 
  custom:video-decoder-ogg-theora: a1e56fd34408186e4bbccfd4996cb3dc -> 
  custom:container-muxer-webm: aa71ff27fc2769a1b78a27578f13a17b -> 
  custom:container-demuxer-webm: 4f35f7cbe854078d1ac9338744f61a02 -> 
  custom:container-demuxer-ogg: 62fdf1f143b41e24485cea50d1cbac27 -> 
  custom:video-encoder-webm-vp8: eb34c28f22e8b96e1ab97ce403110664 -> 
  custom:video-codec-MediaFoundation-h265: e54d7ab0439102e2317fc1e4b246158d -> 
  custom:video-decoder-webm-vp8: 9c59270c3fd7afecdb556c50c9e8de78 -> 
  custom:audio-decoder-ogg-vorbis: bf7c407c2cedff20999df2af8eb42d56 -> 
  custom:audio-encoder-webm-vorbis: bf7c407c2cedff20999df2af8eb42d56 -> 
========================================================================
Received Prepare
Registering precompiled user dll's ...
Registered in 0.002783 seconds.
Begin MonoManager ReloadAssembly
Native extension for Lumin target not found
Native extension for LinuxStandalone target not found
Native extension for WindowsStandalone target not found
Native extension for OSXStandalone target not found
Native extension for WebGL target not found
Refreshing native plugins compatible for Editor in 0.43 ms, found 3 plugins.
Preloading 0 native plugins for Editor in 0.00 ms.
Mono: successfully reloaded assembly
- Completed reload, in  0.987 seconds
Platform modules already initialized, skipping
Refreshing native plugins compatible for Editor in 0.48 ms, found 3 plugins.
Preloading 0 native plugins for Editor in 0.00 ms.
Unloading 2180 Unused Serialized files (Serialized files now loaded: 0)
System memory in use before: 98.7 MB.
System memory in use after: 98.8 MB.

Unloading 16 unused Assets to reduce memory usage. Loaded Objects now: 2664.
Total: 1.994600 ms (FindLiveObjects: 0.284100 ms CreateObjectMapping: 0.089700 ms MarkObjects: 1.605200 ms  DeleteObjects: 0.014800 ms)

AssetImportParameters requested are different than current active one (requested -> active):
  custom:framework-win-MediaFoundation: 216162199b28c13a410421893ffa2e32 -> 
  custom:video-decoder-ogg-theora: a1e56fd34408186e4bbccfd4996cb3dc -> 
  custom:container-muxer-webm: aa71ff27fc2769a1b78a27578f13a17b -> 
  custom:container-demuxer-webm: 4f35f7cbe854078d1ac9338744f61a02 -> 
  custom:container-demuxer-ogg: 62fdf1f143b41e24485cea50d1cbac27 -> 
  custom:video-encoder-webm-vp8: eb34c28f22e8b96e1ab97ce403110664 -> 
  custom:video-codec-MediaFoundation-h265: e54d7ab0439102e2317fc1e4b246158d -> 
  custom:video-decoder-webm-vp8: 9c59270c3fd7afecdb556c50c9e8de78 -> 
  custom:audio-decoder-ogg-vorbis: bf7c407c2cedff20999df2af8eb42d56 -> 
  custom:audio-encoder-webm-vorbis: bf7c407c2cedff20999df2af8eb42d56 -> 
========================================================================
Received Prepare
Registering precompiled user dll's ...
Registered in 0.003210 seconds.
Begin MonoManager ReloadAssembly
Native extension for Lumin target not found
Native extension for LinuxStandalone target not found
Native extension for WindowsStandalone target not found
Native extension for OSXStandalone target not found
Native extension for WebGL target not found
Refreshing native plugins compatible for Editor in 1.14 ms, found 3 plugins.
Preloading 0 native plugins for Editor in 0.00 ms.
Mono: successfully reloaded assembly
- Completed reload, in  1.310 seconds
Platform modules already initialized, skipping
Refreshing native plugins compatible for Editor in 0.50 ms, found 3 plugins.
Preloading 0 native plugins for Editor in 0.00 ms.
Unloading 2180 Unused Serialized files (Serialized files now loaded: 0)
System memory in use before: 98.7 MB.
System memory in use after: 98.8 MB.

Unloading 16 unused Assets to reduce memory usage. Loaded Objects now: 2667.
Total: 3.328700 ms (FindLiveObjects: 0.361100 ms CreateObjectMapping: 0.149000 ms MarkObjects: 2.799800 ms  DeleteObjects: 0.017500 ms)

AssetImportParameters requested are different than current active one (requested -> active):
  custom:framework-win-MediaFoundation: 216162199b28c13a410421893ffa2e32 -> 
  custom:video-decoder-ogg-theora: a1e56fd34408186e4bbccfd4996cb3dc -> 
  custom:container-muxer-webm: aa71ff27fc2769a1b78a27578f13a17b -> 
  custom:container-demuxer-webm: 4f35f7cbe854078d1ac9338744f61a02 -> 
  custom:container-demuxer-ogg: 62fdf1f143b41e24485cea50d1cbac27 -> 
  custom:video-encoder-webm-vp8: eb34c28f22e8b96e1ab97ce403110664 -> 
  custom:video-codec-MediaFoundation-h265: e54d7ab0439102e2317fc1e4b246158d -> 
  custom:video-decoder-webm-vp8: 9c59270c3fd7afecdb556c50c9e8de78 -> 
  custom:audio-decoder-ogg-vorbis: bf7c407c2cedff20999df2af8eb42d56 -> 
  custom:audio-encoder-webm-vorbis: bf7c407c2cedff20999df2af8eb42d56 -> 
========================================================================
Received Prepare
Registering precompiled user dll's ...
Registered in 0.002439 seconds.
Begin MonoManager ReloadAssembly
Native extension for Lumin target not found
Native extension for LinuxStandalone target not found
Native extension for WindowsStandalone target not found
Native extension for OSXStandalone target not found
Native extension for WebGL target not found
Refreshing native plugins compatible for Editor in 0.41 ms, found 3 plugins.
Preloading 0 native plugins for Editor in 0.00 ms.
Mono: successfully reloaded assembly
- Completed reload, in  0.976 seconds
Platform modules already initialized, skipping
Refreshing native plugins compatible for Editor in 0.81 ms, found 3 plugins.
Preloading 0 native plugins for Editor in 0.00 ms.
Unloading 2180 Unused Serialized files (Serialized files now loaded: 0)
System memory in use before: 98.7 MB.
System memory in use after: 98.8 MB.

Unloading 16 unused Assets to reduce memory usage. Loaded Objects now: 2670.
Total: 2.485800 ms (FindLiveObjects: 0.277400 ms CreateObjectMapping: 0.096000 ms MarkObjects: 2.094200 ms  DeleteObjects: 0.016700 ms)

AssetImportParameters requested are different than current active one (requested -> active):
  custom:framework-win-MediaFoundation: 216162199b28c13a410421893ffa2e32 -> 
  custom:video-decoder-ogg-theora: a1e56fd34408186e4bbccfd4996cb3dc -> 
  custom:container-muxer-webm: aa71ff27fc2769a1b78a27578f13a17b -> 
  custom:container-demuxer-webm: 4f35f7cbe854078d1ac9338744f61a02 -> 
  custom:container-demuxer-ogg: 62fdf1f143b41e24485cea50d1cbac27 -> 
  custom:video-encoder-webm-vp8: eb34c28f22e8b96e1ab97ce403110664 -> 
  custom:video-codec-MediaFoundation-h265: e54d7ab0439102e2317fc1e4b246158d -> 
  custom:video-decoder-webm-vp8: 9c59270c3fd7afecdb556c50c9e8de78 -> 
  custom:audio-decoder-ogg-vorbis: bf7c407c2cedff20999df2af8eb42d56 -> 
  custom:audio-encoder-webm-vorbis: bf7c407c2cedff20999df2af8eb42d56 -> 
========================================================================
Received Import Request.
  Time since last request: 710.973460 seconds.
  path: Assets/Resources/Baddie.prefab
  artifactKey: Guid(6cff1cf0f930160428fa0185a4c28cae) Importer(815301076,1909f56bfc062723c751e8b465ee728b)
Start importing Assets/Resources/Baddie.prefab using Guid(6cff1cf0f930160428fa0185a4c28cae) Importer(815301076,1909f56bfc062723c751e8b465ee728b)  -> (artifact id: 'fadb214ea805cf77ac50c74bbb1be3b9') in 0.090592 seconds 
  Import took 0.095659 seconds .

========================================================================
Received Import Request.
  Time since last request: 1.945143 seconds.
  path: Assets/Resources/Baddie.prefab
  artifactKey: Guid(6cff1cf0f930160428fa0185a4c28cae) Importer(815301076,1909f56bfc062723c751e8b465ee728b)
Start importing Assets/Resources/Baddie.prefab using Guid(6cff1cf0f930160428fa0185a4c28cae) Importer(815301076,1909f56bfc062723c751e8b465ee728b)  -> (artifact id: 'b44ba5b7fc73afda87f12d7672e16a2c') in 0.016962 seconds 
  Import took 0.022393 seconds .

========================================================================
Received Import Request.
  Time since last request: 8.553181 seconds.
  path: Assets/Resources/Player.prefab
  artifactKey: Guid(5f902d4bc4fcc5a47a35e2b7cafac19f) Importer(815301076,1909f56bfc062723c751e8b465ee728b)
Start importing Assets/Resources/Player.prefab using Guid(5f902d4bc4fcc5a47a35e2b7cafac19f) Importer(815301076,1909f56bfc062723c751e8b465ee728b)  -> (artifact id: '9aae334d983f8bda3436cfbed1f51dfc') in 0.018443 seconds 
  Import took 0.022337 seconds .

========================================================================
Received Import Request.
  Time since last request: 2.393197 seconds.
  path: Assets/Resources/Player.prefab
  artifactKey: Guid(5f902d4bc4fcc5a47a35e2b7cafac19f) Importer(815301076,1909f56bfc062723c751e8b465ee728b)
Start importing Assets/Resources/Player.prefab using Guid(5f902d4bc4fcc5a47a35e2b7cafac19f) Importer(815301076,1909f56bfc062723c751e8b465ee728b)  -> (artifact id: '91e5059bc56e779441174126ba2f8fce') in 0.016750 seconds 
  Import took 0.020719 seconds .

========================================================================
Received Import Request.
  Time since last request: 3.807552 seconds.
  path: Assets/Resources/Player.prefab
  artifactKey: Guid(5f902d4bc4fcc5a47a35e2b7cafac19f) Importer(815301076,1909f56bfc062723c751e8b465ee728b)
Start importing Assets/Resources/Player.prefab using Guid(5f902d4bc4fcc5a47a35e2b7cafac19f) Importer(815301076,1909f56bfc062723c751e8b465ee728b)  -> (artifact id: '4c58a9b348ec5bc7957cbe14a5c2409d') in 0.013106 seconds 
  Import took 0.016184 seconds .

========================================================================
Received Import Request.
  Time since last request: 3.134842 seconds.
  path: Assets/Resources/Baddie.prefab
  artifactKey: Guid(6cff1cf0f930160428fa0185a4c28cae) Importer(815301076,1909f56bfc062723c751e8b465ee728b)
Start importing Assets/Resources/Baddie.prefab using Guid(6cff1cf0f930160428fa0185a4c28cae) Importer(815301076,1909f56bfc062723c751e8b465ee728b)  -> (artifact id: 'd61696380439526c446e0398f7edca4e') in 0.013695 seconds 
  Import took 0.018838 seconds .

========================================================================
Received Prepare
Registering precompiled user dll's ...
Registered in 0.002070 seconds.
Begin MonoManager ReloadAssembly
Native extension for Lumin target not found
Native extension for LinuxStandalone target not found
Native extension for WindowsStandalone target not found
Native extension for OSXStandalone target not found
Native extension for WebGL target not found
Refreshing native plugins compatible for Editor in 0.57 ms, found 3 plugins.
Preloading 0 native plugins for Editor in 0.00 ms.
Mono: successfully reloaded assembly
- Completed reload, in  1.024 seconds
Platform modules already initialized, skipping
Refreshing native plugins compatible for Editor in 0.42 ms, found 3 plugins.
Preloading 0 native plugins for Editor in 0.00 ms.
Unloading 2180 Unused Serialized files (Serialized files now loaded: 0)
System memory in use before: 101.7 MB.
System memory in use after: 101.8 MB.

Unloading 16 unused Assets to reduce memory usage. Loaded Objects now: 2680.
Total: 1.836500 ms (FindLiveObjects: 0.215900 ms CreateObjectMapping: 0.084600 ms MarkObjects: 1.520200 ms  DeleteObjects: 0.015000 ms)

AssetImportParameters requested are different than current active one (requested -> active):
  custom:framework-win-MediaFoundation: 216162199b28c13a410421893ffa2e32 -> 
  custom:video-decoder-ogg-theora: a1e56fd34408186e4bbccfd4996cb3dc -> 
  custom:container-muxer-webm: aa71ff27fc2769a1b78a27578f13a17b -> 
  custom:container-demuxer-webm: 4f35f7cbe854078d1ac9338744f61a02 -> 
  custom:container-demuxer-ogg: 62fdf1f143b41e24485cea50d1cbac27 -> 
  custom:video-encoder-webm-vp8: eb34c28f22e8b96e1ab97ce403110664 -> 
  custom:video-codec-MediaFoundation-h265: e54d7ab0439102e2317fc1e4b246158d -> 
  custom:video-decoder-webm-vp8: 9c59270c3fd7afecdb556c50c9e8de78 -> 
  custom:audio-decoder-ogg-vorbis: bf7c407c2cedff20999df2af8eb42d56 -> 
  custom:audio-encoder-webm-vorbis: bf7c407c2cedff20999df2af8eb42d56 -> 
========================================================================
Received Import Request.
  Time since last request: 93.852114 seconds.
  path: Assets/Resources/Player.prefab
  artifactKey: Guid(5f902d4bc4fcc5a47a35e2b7cafac19f) Importer(815301076,1909f56bfc062723c751e8b465ee728b)
Start importing Assets/Resources/Player.prefab using Guid(5f902d4bc4fcc5a47a35e2b7cafac19f) Importer(815301076,1909f56bfc062723c751e8b465ee728b)  -> (artifact id: '8ddbb622b1866080208aaaeade420698') in 0.055421 seconds 
  Import took 0.059178 seconds .

========================================================================
Received Import Request.
  Time since last request: 1.513667 seconds.
  path: Assets/Resources/Baddie.prefab
  artifactKey: Guid(6cff1cf0f930160428fa0185a4c28cae) Importer(815301076,1909f56bfc062723c751e8b465ee728b)
Start importing Assets/Resources/Baddie.prefab using Guid(6cff1cf0f930160428fa0185a4c28cae) Importer(815301076,1909f56bfc062723c751e8b465ee728b)  -> (artifact id: '6f61e02ecefe8ea8405111c0e32612ed') in 0.016193 seconds 
  Import took 0.019667 seconds .

========================================================================
Received Prepare
Registering precompiled user dll's ...
Registered in 0.002262 seconds.
Begin MonoManager ReloadAssembly
Native extension for Lumin target not found
Native extension for LinuxStandalone target not found
Native extension for WindowsStandalone target not found
Native extension for OSXStandalone target not found
Native extension for WebGL target not found
Refreshing native plugins compatible for Editor in 0.41 ms, found 3 plugins.
Preloading 0 native plugins for Editor in 0.00 ms.
Mono: successfully reloaded assembly
- Completed reload, in  1.027 seconds
Platform modules already initialized, skipping
Refreshing native plugins compatible for Editor in 0.48 ms, found 3 plugins.
Preloading 0 native plugins for Editor in 0.00 ms.
Unloading 2180 Unused Serialized files (Serialized files now loaded: 0)
System memory in use before: 101.7 MB.
System memory in use after: 101.8 MB.

Unloading 16 unused Assets to reduce memory usage. Loaded Objects now: 2684.
Total: 1.887500 ms (FindLiveObjects: 0.203300 ms CreateObjectMapping: 0.087000 ms MarkObjects: 1.582600 ms  DeleteObjects: 0.013900 ms)

AssetImportParameters requested are different than current active one (requested -> active):
  custom:framework-win-MediaFoundation: 216162199b28c13a410421893ffa2e32 -> 
  custom:video-decoder-ogg-theora: a1e56fd34408186e4bbccfd4996cb3dc -> 
  custom:container-muxer-webm: aa71ff27fc2769a1b78a27578f13a17b -> 
  custom:container-demuxer-webm: 4f35f7cbe854078d1ac9338744f61a02 -> 
  custom:container-demuxer-ogg: 62fdf1f143b41e24485cea50d1cbac27 -> 
  custom:video-encoder-webm-vp8: eb34c28f22e8b96e1ab97ce403110664 -> 
  custom:video-codec-MediaFoundation-h265: e54d7ab0439102e2317fc1e4b246158d -> 
  custom:video-decoder-webm-vp8: 9c59270c3fd7afecdb556c50c9e8de78 -> 
  custom:audio-decoder-ogg-vorbis: bf7c407c2cedff20999df2af8eb42d56 -> 
  custom:audio-encoder-webm-vorbis: bf7c407c2cedff20999df2af8eb42d56 -> 
========================================================================
Received Import Request.
  Time since last request: 33.255848 seconds.
  path: Assets/Resources/Baddie.prefab
  artifactKey: Guid(6cff1cf0f930160428fa0185a4c28cae) Importer(815301076,1909f56bfc062723c751e8b465ee728b)
Start importing Assets/Resources/Baddie.prefab using Guid(6cff1cf0f930160428fa0185a4c28cae) Importer(815301076,1909f56bfc062723c751e8b465ee728b)  -> (artifact id: 'eab0015c42d31ba9628c81aeb190dc59') in 0.057090 seconds 
  Import took 0.060136 seconds .

========================================================================
Received Import Request.
  Time since last request: 0.994068 seconds.
  path: Assets/Resources/Baddie.prefab
  artifactKey: Guid(6cff1cf0f930160428fa0185a4c28cae) Importer(815301076,1909f56bfc062723c751e8b465ee728b)
Start importing Assets/Resources/Baddie.prefab using Guid(6cff1cf0f930160428fa0185a4c28cae) Importer(815301076,1909f56bfc062723c751e8b465ee728b)  -> (artifact id: 'fdc0abfc1f1bc365fb83293808071c13') in 0.024851 seconds 
  Import took 0.029753 seconds .

========================================================================
Received Import Request.
  Time since last request: 7.064369 seconds.
  path: Assets/Resources/Player.prefab
  artifactKey: Guid(5f902d4bc4fcc5a47a35e2b7cafac19f) Importer(815301076,1909f56bfc062723c751e8b465ee728b)
Start importing Assets/Resources/Player.prefab using Guid(5f902d4bc4fcc5a47a35e2b7cafac19f) Importer(815301076,1909f56bfc062723c751e8b465ee728b)  -> (artifact id: '4f3720e10d5cdc218c216d5b5906f428') in 0.020243 seconds 
  Import took 0.024544 seconds .

========================================================================
Received Import Request.
  Time since last request: 5.484616 seconds.
  path: Assets/Resources/Player.prefab
  artifactKey: Guid(5f902d4bc4fcc5a47a35e2b7cafac19f) Importer(815301076,1909f56bfc062723c751e8b465ee728b)
Start importing Assets/Resources/Player.prefab using Guid(5f902d4bc4fcc5a47a35e2b7cafac19f) Importer(815301076,1909f56bfc062723c751e8b465ee728b)  -> (artifact id: 'c2a0c1d7dbd8850a01d9fd8764556cca') in 0.019900 seconds 
  Import took 0.025597 seconds .

========================================================================
Received Import Request.
  Time since last request: 4.624555 seconds.
  path: Assets/Resources/Player.prefab
  artifactKey: Guid(5f902d4bc4fcc5a47a35e2b7cafac19f) Importer(815301076,1909f56bfc062723c751e8b465ee728b)
Start importing Assets/Resources/Player.prefab using Guid(5f902d4bc4fcc5a47a35e2b7cafac19f) Importer(815301076,1909f56bfc062723c751e8b465ee728b)  -> (artifact id: '34016b6ace22a0da1a4a9493c598079f') in 0.050804 seconds 
  Import took 0.054823 seconds .

========================================================================
Received Import Request.
  Time since last request: 1.366461 seconds.
  path: Assets/Resources/Player.prefab
  artifactKey: Guid(5f902d4bc4fcc5a47a35e2b7cafac19f) Importer(815301076,1909f56bfc062723c751e8b465ee728b)
Start importing Assets/Resources/Player.prefab using Guid(5f902d4bc4fcc5a47a35e2b7cafac19f) Importer(815301076,1909f56bfc062723c751e8b465ee728b)  -> (artifact id: '580841beec2a71431c8bedb029288884') in 0.016979 seconds 
  Import took 0.020736 seconds .

========================================================================
Received Prepare
Registering precompiled user dll's ...
Registered in 0.002034 seconds.
Begin MonoManager ReloadAssembly
Native extension for Lumin target not found
Native extension for LinuxStandalone target not found
Native extension for WindowsStandalone target not found
Native extension for OSXStandalone target not found
Native extension for WebGL target not found
Refreshing native plugins compatible for Editor in 0.44 ms, found 3 plugins.
Preloading 0 native plugins for Editor in 0.00 ms.
Mono: successfully reloaded assembly
- Completed reload, in  0.946 seconds
Platform modules already initialized, skipping
Refreshing native plugins compatible for Editor in 0.44 ms, found 3 plugins.
Preloading 0 native plugins for Editor in 0.00 ms.
Unloading 2180 Unused Serialized files (Serialized files now loaded: 0)
System memory in use before: 101.7 MB.
System memory in use after: 101.8 MB.

Unloading 16 unused Assets to reduce memory usage. Loaded Objects now: 2688.
Total: 1.829600 ms (FindLiveObjects: 0.178800 ms CreateObjectMapping: 0.069400 ms MarkObjects: 1.566200 ms  DeleteObjects: 0.014400 ms)

AssetImportParameters requested are different than current active one (requested -> active):
  custom:framework-win-MediaFoundation: 216162199b28c13a410421893ffa2e32 -> 
  custom:video-decoder-ogg-theora: a1e56fd34408186e4bbccfd4996cb3dc -> 
  custom:container-muxer-webm: aa71ff27fc2769a1b78a27578f13a17b -> 
  custom:container-demuxer-webm: 4f35f7cbe854078d1ac9338744f61a02 -> 
  custom:container-demuxer-ogg: 62fdf1f143b41e24485cea50d1cbac27 -> 
  custom:video-encoder-webm-vp8: eb34c28f22e8b96e1ab97ce403110664 -> 
  custom:video-codec-MediaFoundation-h265: e54d7ab0439102e2317fc1e4b246158d -> 
  custom:video-decoder-webm-vp8: 9c59270c3fd7afecdb556c50c9e8de78 -> 
  custom:audio-decoder-ogg-vorbis: bf7c407c2cedff20999df2af8eb42d56 -> 
  custom:audio-encoder-webm-vorbis: bf7c407c2cedff20999df2af8eb42d56 -> 
========================================================================
Received Prepare
Registering precompiled user dll's ...
Registered in 0.007311 seconds.
Begin MonoManager ReloadAssembly
Native extension for Lumin target not found
Native extension for LinuxStandalone target not found
Native extension for WindowsStandalone target not found
Native extension for OSXStandalone target not found
Native extension for WebGL target not found
Refreshing native plugins compatible for Editor in 0.42 ms, found 3 plugins.
Preloading 0 native plugins for Editor in 0.00 ms.
Mono: successfully reloaded assembly
- Completed reload, in  0.957 seconds
Platform modules already initialized, skipping
Refreshing native plugins compatible for Editor in 0.51 ms, found 3 plugins.
Preloading 0 native plugins for Editor in 0.00 ms.
Unloading 2180 Unused Serialized files (Serialized files now loaded: 0)
System memory in use before: 101.7 MB.
System memory in use after: 101.8 MB.

Unloading 16 unused Assets to reduce memory usage. Loaded Objects now: 2691.
Total: 2.400100 ms (FindLiveObjects: 0.274800 ms CreateObjectMapping: 0.150700 ms MarkObjects: 1.955500 ms  DeleteObjects: 0.018100 ms)

AssetImportParameters requested are different than current active one (requested -> active):
  custom:framework-win-MediaFoundation: 216162199b28c13a410421893ffa2e32 -> 
  custom:video-decoder-ogg-theora: a1e56fd34408186e4bbccfd4996cb3dc -> 
  custom:container-muxer-webm: aa71ff27fc2769a1b78a27578f13a17b -> 
  custom:container-demuxer-webm: 4f35f7cbe854078d1ac9338744f61a02 -> 
  custom:container-demuxer-ogg: 62fdf1f143b41e24485cea50d1cbac27 -> 
  custom:video-encoder-webm-vp8: eb34c28f22e8b96e1ab97ce403110664 -> 
  custom:video-codec-MediaFoundation-h265: e54d7ab0439102e2317fc1e4b246158d -> 
  custom:video-decoder-webm-vp8: 9c59270c3fd7afecdb556c50c9e8de78 -> 
  custom:audio-decoder-ogg-vorbis: bf7c407c2cedff20999df2af8eb42d56 -> 
  custom:audio-encoder-webm-vorbis: bf7c407c2cedff20999df2af8eb42d56 -> 
========================================================================
Received Import Request.
  Time since last request: 135.497829 seconds.
  path: Assets/Resources/Player 1.prefab
  artifactKey: Guid(3196d96507daaec4eb8169155ba5ddf5) Importer(815301076,1909f56bfc062723c751e8b465ee728b)
Start importing Assets/Resources/Player 1.prefab using Guid(3196d96507daaec4eb8169155ba5ddf5) Importer(815301076,1909f56bfc062723c751e8b465ee728b)  -> (artifact id: '2250663107e39b8fad2479c1200b7048') in 0.063026 seconds 
  Import took 0.066016 seconds .

========================================================================
Received Import Request.
  Time since last request: 6.479876 seconds.
  path: Assets/Resources/Apple.prefab
  artifactKey: Guid(3196d96507daaec4eb8169155ba5ddf5) Importer(815301076,1909f56bfc062723c751e8b465ee728b)
Start importing Assets/Resources/Apple.prefab using Guid(3196d96507daaec4eb8169155ba5ddf5) Importer(815301076,1909f56bfc062723c751e8b465ee728b)  -> (artifact id: '9af7e42078eeb5fa99e87ca8e08366dc') in 0.016780 seconds 
  Import took 0.021727 seconds .

========================================================================
Received Import Request.
  Time since last request: 5.609065 seconds.
  path: Assets/Resources/Apple.prefab
  artifactKey: Guid(3196d96507daaec4eb8169155ba5ddf5) Importer(815301076,1909f56bfc062723c751e8b465ee728b)
Start importing Assets/Resources/Apple.prefab using Guid(3196d96507daaec4eb8169155ba5ddf5) Importer(815301076,1909f56bfc062723c751e8b465ee728b)  -> (artifact id: 'd154821788570c3d0c2764f2be145226') in 0.020705 seconds 
  Import took 0.026843 seconds .

========================================================================
Received Import Request.
  Time since last request: 3.977157 seconds.
  path: Assets/Resources/Apple.prefab
  artifactKey: Guid(3196d96507daaec4eb8169155ba5ddf5) Importer(815301076,1909f56bfc062723c751e8b465ee728b)
Start importing Assets/Resources/Apple.prefab using Guid(3196d96507daaec4eb8169155ba5ddf5) Importer(815301076,1909f56bfc062723c751e8b465ee728b)  -> (artifact id: 'f093dc483c11696274033f6b1735d2be') in 0.012430 seconds 
  Import took 0.015658 seconds .

========================================================================
Received Import Request.
  Time since last request: 4.455923 seconds.
  path: Assets/Resources/Apple.prefab
  artifactKey: Guid(3196d96507daaec4eb8169155ba5ddf5) Importer(815301076,1909f56bfc062723c751e8b465ee728b)
Start importing Assets/Resources/Apple.prefab using Guid(3196d96507daaec4eb8169155ba5ddf5) Importer(815301076,1909f56bfc062723c751e8b465ee728b)  -> (artifact id: '8d3e11543b4ed5bf682678e8c260f0f0') in 0.064727 seconds 
  Import took 0.068547 seconds .

========================================================================
Received Import Request.
  Time since last request: 4.585393 seconds.
  path: Assets/Resources/Apple.prefab
  artifactKey: Guid(3196d96507daaec4eb8169155ba5ddf5) Importer(815301076,1909f56bfc062723c751e8b465ee728b)
Start importing Assets/Resources/Apple.prefab using Guid(3196d96507daaec4eb8169155ba5ddf5) Importer(815301076,1909f56bfc062723c751e8b465ee728b)  -> (artifact id: '4ecfa83f49e352b605bc7e82130724c2') in 0.023022 seconds 
  Import took 0.027045 seconds .

========================================================================
Received Import Request.
  Time since last request: 5.060625 seconds.
  path: Assets/Resources/Apple.prefab
  artifactKey: Guid(3196d96507daaec4eb8169155ba5ddf5) Importer(815301076,1909f56bfc062723c751e8b465ee728b)
Start importing Assets/Resources/Apple.prefab using Guid(3196d96507daaec4eb8169155ba5ddf5) Importer(815301076,1909f56bfc062723c751e8b465ee728b)  -> (artifact id: 'aaa7d439e422305e8ecd7d78205d3beb') in 0.025509 seconds 
  Import took 0.029907 seconds .

========================================================================
Received Import Request.
  Time since last request: 2.820797 seconds.
  path: Assets/Resources/Apple.prefab
  artifactKey: Guid(3196d96507daaec4eb8169155ba5ddf5) Importer(815301076,1909f56bfc062723c751e8b465ee728b)
Start importing Assets/Resources/Apple.prefab using Guid(3196d96507daaec4eb8169155ba5ddf5) Importer(815301076,1909f56bfc062723c751e8b465ee728b)  -> (artifact id: '907d38255e65ab1a7739fa3af68d1c2b') in 0.032507 seconds 
  Import took 0.037581 seconds .

========================================================================
Received Import Request.
  Time since last request: 1.804100 seconds.
  path: Assets/Resources/Apple.prefab
  artifactKey: Guid(3196d96507daaec4eb8169155ba5ddf5) Importer(815301076,1909f56bfc062723c751e8b465ee728b)
Start importing Assets/Resources/Apple.prefab using Guid(3196d96507daaec4eb8169155ba5ddf5) Importer(815301076,1909f56bfc062723c751e8b465ee728b)  -> (artifact id: '8d48bc256e72dc346e2e64c9a6310cfc') in 0.027246 seconds 
  Import took 0.031939 seconds .

========================================================================
Received Import Request.
  Time since last request: 1.405082 seconds.
  path: Assets/Resources/Apple.prefab
  artifactKey: Guid(3196d96507daaec4eb8169155ba5ddf5) Importer(815301076,1909f56bfc062723c751e8b465ee728b)
Start importing Assets/Resources/Apple.prefab using Guid(3196d96507daaec4eb8169155ba5ddf5) Importer(815301076,1909f56bfc062723c751e8b465ee728b)  -> (artifact id: '47c3f200db10820c475fca0043838af0') in 0.016120 seconds 
  Import took 0.019667 seconds .

========================================================================
Received Import Request.
  Time since last request: 5.524181 seconds.
  path: Assets/Resources/Apple.prefab
  artifactKey: Guid(3196d96507daaec4eb8169155ba5ddf5) Importer(815301076,1909f56bfc062723c751e8b465ee728b)
Start importing Assets/Resources/Apple.prefab using Guid(3196d96507daaec4eb8169155ba5ddf5) Importer(815301076,1909f56bfc062723c751e8b465ee728b)  -> (artifact id: 'd1e57b983e066de166006a62913fd127') in 0.024004 seconds 
  Import took 0.028485 seconds .

========================================================================
Received Import Request.
  Time since last request: 3.232120 seconds.
  path: Assets/Resources/Apple.prefab
  artifactKey: Guid(3196d96507daaec4eb8169155ba5ddf5) Importer(815301076,1909f56bfc062723c751e8b465ee728b)
Start importing Assets/Resources/Apple.prefab using Guid(3196d96507daaec4eb8169155ba5ddf5) Importer(815301076,1909f56bfc062723c751e8b465ee728b)  -> (artifact id: 'cee81406c26428eedeb836b6eafcb2b9') in 0.029091 seconds 
  Import took 0.034540 seconds .

========================================================================
Received Import Request.
  Time since last request: 1.794617 seconds.
  path: Assets/Resources/Apple.prefab
  artifactKey: Guid(3196d96507daaec4eb8169155ba5ddf5) Importer(815301076,1909f56bfc062723c751e8b465ee728b)
Start importing Assets/Resources/Apple.prefab using Guid(3196d96507daaec4eb8169155ba5ddf5) Importer(815301076,1909f56bfc062723c751e8b465ee728b)  -> (artifact id: 'fa6bea451d4c225c1ccdf0e3d7b3dab0') in 0.023157 seconds 
  Import took 0.028405 seconds .

========================================================================
Received Import Request.
  Time since last request: 4.898202 seconds.
  path: Assets/Resources/Apple.prefab
  artifactKey: Guid(3196d96507daaec4eb8169155ba5ddf5) Importer(815301076,1909f56bfc062723c751e8b465ee728b)
Start importing Assets/Resources/Apple.prefab using Guid(3196d96507daaec4eb8169155ba5ddf5) Importer(815301076,1909f56bfc062723c751e8b465ee728b)  -> (artifact id: 'acc354eff27d04d1139df88e832bada7') in 0.013895 seconds 
  Import took 0.017941 seconds .

========================================================================
Received Import Request.
  Time since last request: 1.612881 seconds.
  path: Assets/Resources/Apple.prefab
  artifactKey: Guid(3196d96507daaec4eb8169155ba5ddf5) Importer(815301076,1909f56bfc062723c751e8b465ee728b)
Start importing Assets/Resources/Apple.prefab using Guid(3196d96507daaec4eb8169155ba5ddf5) Importer(815301076,1909f56bfc062723c751e8b465ee728b)  -> (artifact id: '8b32b282b03d2ce9d6eb834010cdb32c') in 0.022600 seconds 
  Import took 0.026649 seconds .

========================================================================
Received Import Request.
  Time since last request: 11.068043 seconds.
  path: Assets/Resources/Apple.prefab
  artifactKey: Guid(3196d96507daaec4eb8169155ba5ddf5) Importer(815301076,1909f56bfc062723c751e8b465ee728b)
Start importing Assets/Resources/Apple.prefab using Guid(3196d96507daaec4eb8169155ba5ddf5) Importer(815301076,1909f56bfc062723c751e8b465ee728b)  -> (artifact id: '943c8732877242736e9244bcc5584bdd') in 0.026099 seconds 
  Import took 0.029706 seconds .

========================================================================
Received Import Request.
  Time since last request: 3.394661 seconds.
  path: Assets/Resources/Apple.prefab
  artifactKey: Guid(3196d96507daaec4eb8169155ba5ddf5) Importer(815301076,1909f56bfc062723c751e8b465ee728b)
Start importing Assets/Resources/Apple.prefab using Guid(3196d96507daaec4eb8169155ba5ddf5) Importer(815301076,1909f56bfc062723c751e8b465ee728b)  -> (artifact id: '3d6fbe955263aa4ce51fee3994b6d476') in 0.020062 seconds 
  Import took 0.023105 seconds .

========================================================================
Received Import Request.
  Time since last request: 1.999346 seconds.
  path: Assets/Resources/Apple.prefab
  artifactKey: Guid(3196d96507daaec4eb8169155ba5ddf5) Importer(815301076,1909f56bfc062723c751e8b465ee728b)
Start importing Assets/Resources/Apple.prefab using Guid(3196d96507daaec4eb8169155ba5ddf5) Importer(815301076,1909f56bfc062723c751e8b465ee728b)  -> (artifact id: '9e1bb4712ef494527a380639a64b6566') in 0.014863 seconds 
  Import took 0.019338 seconds .

========================================================================
Received Import Request.
  Time since last request: 4.409125 seconds.
  path: Assets/Resources/Apple.prefab
  artifactKey: Guid(3196d96507daaec4eb8169155ba5ddf5) Importer(815301076,1909f56bfc062723c751e8b465ee728b)
Start importing Assets/Resources/Apple.prefab using Guid(3196d96507daaec4eb8169155ba5ddf5) Importer(815301076,1909f56bfc062723c751e8b465ee728b)  -> (artifact id: 'c1d567a5de2c5161bb1fd901b55c4641') in 0.021636 seconds 
  Import took 0.025423 seconds .

========================================================================
Received Import Request.
  Time since last request: 2.394255 seconds.
  path: Assets/Resources/Apple.prefab
  artifactKey: Guid(3196d96507daaec4eb8169155ba5ddf5) Importer(815301076,1909f56bfc062723c751e8b465ee728b)
Start importing Assets/Resources/Apple.prefab using Guid(3196d96507daaec4eb8169155ba5ddf5) Importer(815301076,1909f56bfc062723c751e8b465ee728b)  -> (artifact id: '9ed413c7ed4a5e09056faf1df3f9dfc7') in 0.017685 seconds 
  Import took 0.021015 seconds .

========================================================================
Received Import Request.
  Time since last request: 2.614866 seconds.
  path: Assets/Resources/Apple.prefab
  artifactKey: Guid(3196d96507daaec4eb8169155ba5ddf5) Importer(815301076,1909f56bfc062723c751e8b465ee728b)
Start importing Assets/Resources/Apple.prefab using Guid(3196d96507daaec4eb8169155ba5ddf5) Importer(815301076,1909f56bfc062723c751e8b465ee728b)  -> (artifact id: 'dd31bde01b95f30cce4c4271ba9c1439') in 0.031001 seconds 
  Import took 0.035716 seconds .

========================================================================
Received Import Request.
  Time since last request: 2.586923 seconds.
  path: Assets/Resources/Apple.prefab
  artifactKey: Guid(3196d96507daaec4eb8169155ba5ddf5) Importer(815301076,1909f56bfc062723c751e8b465ee728b)
Start importing Assets/Resources/Apple.prefab using Guid(3196d96507daaec4eb8169155ba5ddf5) Importer(815301076,1909f56bfc062723c751e8b465ee728b)  -> (artifact id: '6d6fbeaad7f3d32ff72c44157c1aa805') in 0.045083 seconds 
  Import took 0.050690 seconds .

========================================================================
Received Import Request.
  Time since last request: 4.247398 seconds.
  path: Assets/Resources/Apple.prefab
  artifactKey: Guid(3196d96507daaec4eb8169155ba5ddf5) Importer(815301076,1909f56bfc062723c751e8b465ee728b)
Start importing Assets/Resources/Apple.prefab using Guid(3196d96507daaec4eb8169155ba5ddf5) Importer(815301076,1909f56bfc062723c751e8b465ee728b)  -> (artifact id: '973260fbeaa757a775d83f6ee7e2308c') in 0.025980 seconds 
  Import took 0.031551 seconds .

========================================================================
Received Import Request.
  Time since last request: 2.200885 seconds.
  path: Assets/Resources/Apple.prefab
  artifactKey: Guid(3196d96507daaec4eb8169155ba5ddf5) Importer(815301076,1909f56bfc062723c751e8b465ee728b)
Start importing Assets/Resources/Apple.prefab using Guid(3196d96507daaec4eb8169155ba5ddf5) Importer(815301076,1909f56bfc062723c751e8b465ee728b)  -> (artifact id: '55700b30c51bbb5ab0e298f696c5b310') in 0.021602 seconds 
  Import took 0.030080 seconds .

========================================================================
Received Import Request.
  Time since last request: 5.198955 seconds.
  path: Assets/Resources/Apple.prefab
  artifactKey: Guid(3196d96507daaec4eb8169155ba5ddf5) Importer(815301076,1909f56bfc062723c751e8b465ee728b)
Start importing Assets/Resources/Apple.prefab using Guid(3196d96507daaec4eb8169155ba5ddf5) Importer(815301076,1909f56bfc062723c751e8b465ee728b)  -> (artifact id: '64a767ad465e89f5dcd54f940d0e8e7e') in 0.016339 seconds 
  Import took 0.020058 seconds .

========================================================================
Received Import Request.
  Time since last request: 4.428490 seconds.
  path: Assets/Resources/Apple.prefab
  artifactKey: Guid(3196d96507daaec4eb8169155ba5ddf5) Importer(815301076,1909f56bfc062723c751e8b465ee728b)
Start importing Assets/Resources/Apple.prefab using Guid(3196d96507daaec4eb8169155ba5ddf5) Importer(815301076,1909f56bfc062723c751e8b465ee728b)  -> (artifact id: 'c959aa35becc9ffdb29fc6179ed3b60b') in 0.016525 seconds 
  Import took 0.021351 seconds .

========================================================================
Received Import Request.
  Time since last request: 2.835340 seconds.
  path: Assets/Resources/Apple.prefab
  artifactKey: Guid(3196d96507daaec4eb8169155ba5ddf5) Importer(815301076,1909f56bfc062723c751e8b465ee728b)
Start importing Assets/Resources/Apple.prefab using Guid(3196d96507daaec4eb8169155ba5ddf5) Importer(815301076,1909f56bfc062723c751e8b465ee728b)  -> (artifact id: '9d0275eefc2584322490b95060c0971c') in 0.024304 seconds 
  Import took 0.030587 seconds .

========================================================================
Received Import Request.
  Time since last request: 4.395287 seconds.
  path: Assets/Resources/Apple.prefab
  artifactKey: Guid(3196d96507daaec4eb8169155ba5ddf5) Importer(815301076,1909f56bfc062723c751e8b465ee728b)
Start importing Assets/Resources/Apple.prefab using Guid(3196d96507daaec4eb8169155ba5ddf5) Importer(815301076,1909f56bfc062723c751e8b465ee728b)  -> (artifact id: '4cc2e8f11a6e3a1f4c8b9e8259aca0c4') in 0.020289 seconds 
  Import took 0.025131 seconds .

========================================================================
Received Import Request.
  Time since last request: 7.631244 seconds.
  path: Assets/Resources/Apple.prefab
  artifactKey: Guid(3196d96507daaec4eb8169155ba5ddf5) Importer(815301076,1909f56bfc062723c751e8b465ee728b)
Start importing Assets/Resources/Apple.prefab using Guid(3196d96507daaec4eb8169155ba5ddf5) Importer(815301076,1909f56bfc062723c751e8b465ee728b)  -> (artifact id: 'e7db2564a55caf219b194c8ffaa6b96e') in 0.020593 seconds 
  Import took 0.026019 seconds .

========================================================================
Received Import Request.
  Time since last request: 3.823896 seconds.
  path: Assets/Resources/Apple.prefab
  artifactKey: Guid(3196d96507daaec4eb8169155ba5ddf5) Importer(815301076,1909f56bfc062723c751e8b465ee728b)
Start importing Assets/Resources/Apple.prefab using Guid(3196d96507daaec4eb8169155ba5ddf5) Importer(815301076,1909f56bfc062723c751e8b465ee728b)  -> (artifact id: '9332d220287435e7a581f2b701889f86') in 0.016226 seconds 
  Import took 0.019579 seconds .

========================================================================
Received Import Request.
  Time since last request: 1.797404 seconds.
  path: Assets/Resources/Apple.prefab
  artifactKey: Guid(3196d96507daaec4eb8169155ba5ddf5) Importer(815301076,1909f56bfc062723c751e8b465ee728b)
Start importing Assets/Resources/Apple.prefab using Guid(3196d96507daaec4eb8169155ba5ddf5) Importer(815301076,1909f56bfc062723c751e8b465ee728b)  -> (artifact id: '41f98847b4f052314f39d1828c1c9a68') in 0.018981 seconds 
  Import took 0.023304 seconds .

========================================================================
Received Import Request.
  Time since last request: 9.657024 seconds.
  path: Assets/Resources/Apple.prefab
  artifactKey: Guid(3196d96507daaec4eb8169155ba5ddf5) Importer(815301076,1909f56bfc062723c751e8b465ee728b)
Start importing Assets/Resources/Apple.prefab using Guid(3196d96507daaec4eb8169155ba5ddf5) Importer(815301076,1909f56bfc062723c751e8b465ee728b)  -> (artifact id: 'd42e3779c90ce1634cb87907ccc0d2a6') in 0.020496 seconds 
  Import took 0.024775 seconds .

========================================================================
Received Import Request.
  Time since last request: 4.028197 seconds.
  path: Assets/Resources/Apple.prefab
  artifactKey: Guid(3196d96507daaec4eb8169155ba5ddf5) Importer(815301076,1909f56bfc062723c751e8b465ee728b)
Start importing Assets/Resources/Apple.prefab using Guid(3196d96507daaec4eb8169155ba5ddf5) Importer(815301076,1909f56bfc062723c751e8b465ee728b)  -> (artifact id: '34cbea2367e09004b7c09509eb7acfc0') in 0.028519 seconds 
  Import took 0.032804 seconds .

========================================================================
Received Import Request.
  Time since last request: 2.785626 seconds.
  path: Assets/Resources/Apple.prefab
  artifactKey: Guid(3196d96507daaec4eb8169155ba5ddf5) Importer(815301076,1909f56bfc062723c751e8b465ee728b)
Start importing Assets/Resources/Apple.prefab using Guid(3196d96507daaec4eb8169155ba5ddf5) Importer(815301076,1909f56bfc062723c751e8b465ee728b)  -> (artifact id: 'fc8a9ebb80bbc4c4b5fee5c54964df10') in 0.015482 seconds 
  Import took 0.019190 seconds .

========================================================================
Received Import Request.
  Time since last request: 1.212259 seconds.
  path: Assets/Resources/Apple.prefab
  artifactKey: Guid(3196d96507daaec4eb8169155ba5ddf5) Importer(815301076,1909f56bfc062723c751e8b465ee728b)
Start importing Assets/Resources/Apple.prefab using Guid(3196d96507daaec4eb8169155ba5ddf5) Importer(815301076,1909f56bfc062723c751e8b465ee728b)  -> (artifact id: 'ba0c2b4dfdd67e41ab10250345cf39a2') in 0.023929 seconds 
  Import took 0.029202 seconds .

========================================================================
Received Import Request.
  Time since last request: 6.594248 seconds.
  path: Assets/Resources/Apple.prefab
  artifactKey: Guid(3196d96507daaec4eb8169155ba5ddf5) Importer(815301076,1909f56bfc062723c751e8b465ee728b)
Start importing Assets/Resources/Apple.prefab using Guid(3196d96507daaec4eb8169155ba5ddf5) Importer(815301076,1909f56bfc062723c751e8b465ee728b)  -> (artifact id: '56d35a604ce24c1130f5e26c72f55a6a') in 0.021240 seconds 
  Import took 0.028814 seconds .

========================================================================
Received Import Request.
  Time since last request: 4.216458 seconds.
  path: Assets/Resources/Apple.prefab
  artifactKey: Guid(3196d96507daaec4eb8169155ba5ddf5) Importer(815301076,1909f56bfc062723c751e8b465ee728b)
Start importing Assets/Resources/Apple.prefab using Guid(3196d96507daaec4eb8169155ba5ddf5) Importer(815301076,1909f56bfc062723c751e8b465ee728b)  -> (artifact id: 'b19f308697be31d43f1c64c2b15ee693') in 0.016387 seconds 
  Import took 0.020642 seconds .

========================================================================
Received Import Request.
  Time since last request: 3.810706 seconds.
  path: Assets/Resources/Apple.prefab
  artifactKey: Guid(3196d96507daaec4eb8169155ba5ddf5) Importer(815301076,1909f56bfc062723c751e8b465ee728b)
Start importing Assets/Resources/Apple.prefab using Guid(3196d96507daaec4eb8169155ba5ddf5) Importer(815301076,1909f56bfc062723c751e8b465ee728b)  -> (artifact id: '2f1c5f6fb52f4c0cd3b7c9fa1801ea10') in 0.020685 seconds 
  Import took 0.025119 seconds .

========================================================================
Received Import Request.
  Time since last request: 4.483635 seconds.
  path: Assets/Resources/Apple.prefab
  artifactKey: Guid(3196d96507daaec4eb8169155ba5ddf5) Importer(815301076,1909f56bfc062723c751e8b465ee728b)
Start importing Assets/Resources/Apple.prefab using Guid(3196d96507daaec4eb8169155ba5ddf5) Importer(815301076,1909f56bfc062723c751e8b465ee728b)  -> (artifact id: '9ab38a819aedb29d33f6121939b4e431') in 0.016141 seconds 
  Import took 0.019210 seconds .

========================================================================
Received Import Request.
  Time since last request: 10.046438 seconds.
  path: Assets/Resources/Apple.prefab
  artifactKey: Guid(3196d96507daaec4eb8169155ba5ddf5) Importer(815301076,1909f56bfc062723c751e8b465ee728b)
Start importing Assets/Resources/Apple.prefab using Guid(3196d96507daaec4eb8169155ba5ddf5) Importer(815301076,1909f56bfc062723c751e8b465ee728b)  -> (artifact id: '79b3044d689b688c748e7ba48610393e') in 0.017914 seconds 
  Import took 0.021825 seconds .

========================================================================
Received Import Request.
  Time since last request: 1.594761 seconds.
  path: Assets/Resources/Apple.prefab
  artifactKey: Guid(3196d96507daaec4eb8169155ba5ddf5) Importer(815301076,1909f56bfc062723c751e8b465ee728b)
Start importing Assets/Resources/Apple.prefab using Guid(3196d96507daaec4eb8169155ba5ddf5) Importer(815301076,1909f56bfc062723c751e8b465ee728b)  -> (artifact id: '5d3d8c3024d8660ec1c845fc69f8ec1d') in 0.018705 seconds 
  Import took 0.021956 seconds .

========================================================================
Received Import Request.
  Time since last request: 0.003456 seconds.
  path: Assets/Resources/Apple.prefab
  artifactKey: Guid(3196d96507daaec4eb8169155ba5ddf5) Importer(815301076,1909f56bfc062723c751e8b465ee728b)
Start importing Assets/Resources/Apple.prefab using Guid(3196d96507daaec4eb8169155ba5ddf5) Importer(815301076,1909f56bfc062723c751e8b465ee728b)  -> (artifact id: '5d3d8c3024d8660ec1c845fc69f8ec1d') in 0.012545 seconds 
  Import took 0.016767 seconds .

========================================================================
Received Import Request.
  Time since last request: 2.776035 seconds.
  path: Assets/Resources/Apple.prefab
  artifactKey: Guid(3196d96507daaec4eb8169155ba5ddf5) Importer(815301076,1909f56bfc062723c751e8b465ee728b)
Start importing Assets/Resources/Apple.prefab using Guid(3196d96507daaec4eb8169155ba5ddf5) Importer(815301076,1909f56bfc062723c751e8b465ee728b)  -> (artifact id: '7429ea5006e09a4da042ddf29d4215d9') in 0.020977 seconds 
  Import took 0.025034 seconds .

========================================================================
Received Import Request.
  Time since last request: 3.636629 seconds.
  path: Assets/Resources/Apple.prefab
  artifactKey: Guid(3196d96507daaec4eb8169155ba5ddf5) Importer(815301076,1909f56bfc062723c751e8b465ee728b)
Start importing Assets/Resources/Apple.prefab using Guid(3196d96507daaec4eb8169155ba5ddf5) Importer(815301076,1909f56bfc062723c751e8b465ee728b)  -> (artifact id: '9d282954ec6d3709448be55361cde73e') in 0.014213 seconds 
  Import took 0.017877 seconds .

========================================================================
Received Import Request.
  Time since last request: 2.219764 seconds.
  path: Assets/Resources/Apple.prefab
  artifactKey: Guid(3196d96507daaec4eb8169155ba5ddf5) Importer(815301076,1909f56bfc062723c751e8b465ee728b)
Start importing Assets/Resources/Apple.prefab using Guid(3196d96507daaec4eb8169155ba5ddf5) Importer(815301076,1909f56bfc062723c751e8b465ee728b)  -> (artifact id: '62e172d3e089d98aa959bd2e9919ca9d') in 0.015754 seconds 
  Import took 0.020653 seconds .

========================================================================
Received Import Request.
  Time since last request: 1.785445 seconds.
  path: Assets/Resources/Apple.prefab
  artifactKey: Guid(3196d96507daaec4eb8169155ba5ddf5) Importer(815301076,1909f56bfc062723c751e8b465ee728b)
Start importing Assets/Resources/Apple.prefab using Guid(3196d96507daaec4eb8169155ba5ddf5) Importer(815301076,1909f56bfc062723c751e8b465ee728b)  -> (artifact id: 'aafc652e69b6a41204763c20b271dde6') in 0.014805 seconds 
  Import took 0.018742 seconds .

========================================================================
Received Import Request.
  Time since last request: 28.567612 seconds.
  path: Assets/Resources/Apple.prefab
  artifactKey: Guid(3196d96507daaec4eb8169155ba5ddf5) Importer(815301076,1909f56bfc062723c751e8b465ee728b)
Start importing Assets/Resources/Apple.prefab using Guid(3196d96507daaec4eb8169155ba5ddf5) Importer(815301076,1909f56bfc062723c751e8b465ee728b)  -> (artifact id: '3335b2540de210a478ea7ac54526d657') in 0.057779 seconds 
  Import took 0.061283 seconds .

========================================================================
Received Import Request.
  Time since last request: 361.152992 seconds.
  path: Assets/TextMesh Pro/Resources/Fonts & Materials/LiberationSans SDF - Drop Shadow.mat
  artifactKey: Guid(e73a58f6e2794ae7b1b7e50b7fb811b0) Importer(815301076,1909f56bfc062723c751e8b465ee728b)
Start importing Assets/TextMesh Pro/Resources/Fonts & Materials/LiberationSans SDF - Drop Shadow.mat using Guid(e73a58f6e2794ae7b1b7e50b7fb811b0) Importer(815301076,1909f56bfc062723c751e8b465ee728b)  -> (artifact id: 'ca0d2861f60500f05bd29199894f7bb5') in 0.148056 seconds 
  Import took 0.153468 seconds .

========================================================================
Received Import Request.
  Time since last request: 0.000155 seconds.
  path: Assets/TextMesh Pro/Resources/Fonts & Materials/LiberationSans SDF - Outline.mat
  artifactKey: Guid(79459efec17a4d00a321bdcc27bbc385) Importer(815301076,1909f56bfc062723c751e8b465ee728b)
Start importing Assets/TextMesh Pro/Resources/Fonts & Materials/LiberationSans SDF - Outline.mat using Guid(79459efec17a4d00a321bdcc27bbc385) Importer(815301076,1909f56bfc062723c751e8b465ee728b)  -> (artifact id: '289988fcecf3b00d1602f8d2b589f7dd') in 0.095343 seconds 
  Import took 0.099488 seconds .

========================================================================
Received Import Request.
  Time since last request: 0.000541 seconds.
  path: Assets/TextMesh Pro/Resources/Fonts & Materials/LiberationSans SDF - Fallback.asset
  artifactKey: Guid(2e498d1c8094910479dc3e1b768306a4) Importer(815301076,1909f56bfc062723c751e8b465ee728b)
Start importing Assets/TextMesh Pro/Resources/Fonts & Materials/LiberationSans SDF - Fallback.asset using Guid(2e498d1c8094910479dc3e1b768306a4) Importer(815301076,1909f56bfc062723c751e8b465ee728b)  -> (artifact id: 'b8c2210586957436df79bf961aeff06e') in 0.091592 seconds 
  Import took 0.097003 seconds .

========================================================================
Received Import Request.
  Time since last request: 0.000161 seconds.
  path: Assets/TextMesh Pro/Resources/Fonts & Materials/LiberationSans SDF.asset
  artifactKey: Guid(8f586378b4e144a9851e7b34d9b748ee) Importer(815301076,1909f56bfc062723c751e8b465ee728b)
Start importing Assets/TextMesh Pro/Resources/Fonts & Materials/LiberationSans SDF.asset using Guid(8f586378b4e144a9851e7b34d9b748ee) Importer(815301076,1909f56bfc062723c751e8b465ee728b)  -> (artifact id: 'f1280cc7be10b532b2897fc8654f95d3') in 0.103735 seconds 
  Import took 0.113006 seconds .

========================================================================
Received Import Request.
  Time since last request: 0.002410 seconds.
  path: Assets/TextMesh Pro/Resources/Fonts & Materials/LiberationSans SDF - Fallback.asset
  artifactKey: Guid(2e498d1c8094910479dc3e1b768306a4) Importer(815301076,1909f56bfc062723c751e8b465ee728b)
Start importing Assets/TextMesh Pro/Resources/Fonts & Materials/LiberationSans SDF - Fallback.asset using Guid(2e498d1c8094910479dc3e1b768306a4) Importer(815301076,1909f56bfc062723c751e8b465ee728b)  -> (artifact id: 'b8c2210586957436df79bf961aeff06e') in 0.024199 seconds 
  Import took 0.029162 seconds .

========================================================================
Received Import Request.
  Time since last request: 0.000155 seconds.
  path: Assets/TextMesh Pro/Resources/Fonts & Materials/LiberationSans SDF.asset
  artifactKey: Guid(8f586378b4e144a9851e7b34d9b748ee) Importer(815301076,1909f56bfc062723c751e8b465ee728b)
Start importing Assets/TextMesh Pro/Resources/Fonts & Materials/LiberationSans SDF.asset using Guid(8f586378b4e144a9851e7b34d9b748ee) Importer(815301076,1909f56bfc062723c751e8b465ee728b)  -> (artifact id: 'f1280cc7be10b532b2897fc8654f95d3') in 0.052169 seconds 
  Import took 0.056188 seconds .

========================================================================
Received Import Request.
  Time since last request: 44.091966 seconds.
  path: Assets/TextMesh Pro/PressStart2P-Regular.ttf
  artifactKey: Guid(fb685453fdc6671458348b03bcfe0b4b) Importer(815301076,1909f56bfc062723c751e8b465ee728b)
Start importing Assets/TextMesh Pro/PressStart2P-Regular.ttf using Guid(fb685453fdc6671458348b03bcfe0b4b) Importer(815301076,1909f56bfc062723c751e8b465ee728b)  -> (artifact id: '47d9e74be8574bf47b84300ea99ad5f5') in 0.048285 seconds 
  Import took 0.052898 seconds .

========================================================================
Received Import Request.
  Time since last request: 10.944689 seconds.
  path: Assets/TextMesh Pro/PressStart2P-Regular SDF.asset
  artifactKey: Guid(1630c06b3908f8941bf2bf470f44a772) Importer(815301076,1909f56bfc062723c751e8b465ee728b)
Start importing Assets/TextMesh Pro/PressStart2P-Regular SDF.asset using Guid(1630c06b3908f8941bf2bf470f44a772) Importer(815301076,1909f56bfc062723c751e8b465ee728b) Shader 'TextMeshPro/Distance Field': fallback shader 'TextMeshPro/Mobile/Distance Field' not found
 -> (artifact id: '27424f6d23937077bf42f6bbc51dce26') in 0.039627 seconds 
  Import took 0.045335 seconds .

========================================================================
Received Import Request.
  Time since last request: 50.801527 seconds.
  path: Assets/TextMesh Pro
  artifactKey: Guid(f54d1bd14bd3ca042bd867b519fee8cc) Importer(815301076,1909f56bfc062723c751e8b465ee728b)
Start importing Assets/TextMesh Pro using Guid(f54d1bd14bd3ca042bd867b519fee8cc) Importer(815301076,1909f56bfc062723c751e8b465ee728b)  -> (artifact id: '16b4cbde9565bf190136f1148817e1ea') in 0.013390 seconds 
  Import took 0.016803 seconds .

========================================================================
Received Import Request.
  Time since last request: 33.320877 seconds.
  path: Assets/TextMesh Pro/PressStart2P-Regular SDF.asset
  artifactKey: Guid(1630c06b3908f8941bf2bf470f44a772) Importer(815301076,1909f56bfc062723c751e8b465ee728b)
Start importing Assets/TextMesh Pro/PressStart2P-Regular SDF.asset using Guid(1630c06b3908f8941bf2bf470f44a772) Importer(815301076,1909f56bfc062723c751e8b465ee728b) Shader 'TextMeshPro/Distance Field': fallback shader 'TextMeshPro/Mobile/Distance Field' not found
 -> (artifact id: '34ab28d5a30ab230a375d1c89fa38c37') in 0.025769 seconds 
  Import took 0.029402 seconds .

========================================================================
Received Prepare
Registering precompiled user dll's ...
Registered in 0.002028 seconds.
Begin MonoManager ReloadAssembly
Native extension for Lumin target not found
Native extension for LinuxStandalone target not found
Native extension for WindowsStandalone target not found
Native extension for OSXStandalone target not found
Native extension for WebGL target not found
Refreshing native plugins compatible for Editor in 0.43 ms, found 3 plugins.
Preloading 0 native plugins for Editor in 0.00 ms.
Mono: successfully reloaded assembly
- Completed reload, in  0.944 seconds
Platform modules already initialized, skipping
Refreshing native plugins compatible for Editor in 0.41 ms, found 3 plugins.
Preloading 0 native plugins for Editor in 0.00 ms.
Unloading 2193 Unused Serialized files (Serialized files now loaded: 0)
System memory in use before: 104.4 MB.
System memory in use after: 104.1 MB.

Unloading 27 unused Assets to reduce memory usage. Loaded Objects now: 2734.
Total: 2.116300 ms (FindLiveObjects: 0.201500 ms CreateObjectMapping: 0.078100 ms MarkObjects: 1.608300 ms  DeleteObjects: 0.227500 ms)

AssetImportParameters requested are different than current active one (requested -> active):
  custom:framework-win-MediaFoundation: 216162199b28c13a410421893ffa2e32 -> 
  custom:video-decoder-ogg-theora: a1e56fd34408186e4bbccfd4996cb3dc -> 
  custom:container-muxer-webm: aa71ff27fc2769a1b78a27578f13a17b -> 
  custom:container-demuxer-webm: 4f35f7cbe854078d1ac9338744f61a02 -> 
  custom:container-demuxer-ogg: 62fdf1f143b41e24485cea50d1cbac27 -> 
  custom:video-encoder-webm-vp8: eb34c28f22e8b96e1ab97ce403110664 -> 
  custom:video-codec-MediaFoundation-h265: e54d7ab0439102e2317fc1e4b246158d -> 
  custom:video-decoder-webm-vp8: 9c59270c3fd7afecdb556c50c9e8de78 -> 
  custom:audio-decoder-ogg-vorbis: bf7c407c2cedff20999df2af8eb42d56 -> 
  custom:audio-encoder-webm-vorbis: bf7c407c2cedff20999df2af8eb42d56 -> 
========================================================================
Received Import Request.
  Time since last request: 113.581104 seconds.
  path: Assets/Resources/Apple.prefab
  artifactKey: Guid(3196d96507daaec4eb8169155ba5ddf5) Importer(815301076,1909f56bfc062723c751e8b465ee728b)
Start importing Assets/Resources/Apple.prefab using Guid(3196d96507daaec4eb8169155ba5ddf5) Importer(815301076,1909f56bfc062723c751e8b465ee728b)  -> (artifact id: '56d1e88f34c02fe0db3917e3cf6efc23') in 0.085639 seconds 
  Import took 0.088883 seconds .

========================================================================
Received Prepare
Registering precompiled user dll's ...
Registered in 0.002444 seconds.
Begin MonoManager ReloadAssembly
Native extension for Lumin target not found
Native extension for LinuxStandalone target not found
Native extension for WindowsStandalone target not found
Native extension for OSXStandalone target not found
Native extension for WebGL target not found
Refreshing native plugins compatible for Editor in 0.42 ms, found 3 plugins.
Preloading 0 native plugins for Editor in 0.00 ms.
Mono: successfully reloaded assembly
- Completed reload, in  0.924 seconds
Platform modules already initialized, skipping
Refreshing native plugins compatible for Editor in 0.44 ms, found 3 plugins.
Preloading 0 native plugins for Editor in 0.00 ms.
Unloading 2191 Unused Serialized files (Serialized files now loaded: 0)
System memory in use before: 104.3 MB.
System memory in use after: 103.9 MB.

Unloading 27 unused Assets to reduce memory usage. Loaded Objects now: 2738.
Total: 2.022900 ms (FindLiveObjects: 0.204000 ms CreateObjectMapping: 0.076700 ms MarkObjects: 1.498300 ms  DeleteObjects: 0.242900 ms)

AssetImportParameters requested are different than current active one (requested -> active):
  custom:framework-win-MediaFoundation: 216162199b28c13a410421893ffa2e32 -> 
  custom:video-decoder-ogg-theora: a1e56fd34408186e4bbccfd4996cb3dc -> 
  custom:container-muxer-webm: aa71ff27fc2769a1b78a27578f13a17b -> 
  custom:container-demuxer-webm: 4f35f7cbe854078d1ac9338744f61a02 -> 
  custom:container-demuxer-ogg: 62fdf1f143b41e24485cea50d1cbac27 -> 
  custom:video-encoder-webm-vp8: eb34c28f22e8b96e1ab97ce403110664 -> 
  custom:video-codec-MediaFoundation-h265: e54d7ab0439102e2317fc1e4b246158d -> 
  custom:video-decoder-webm-vp8: 9c59270c3fd7afecdb556c50c9e8de78 -> 
  custom:audio-decoder-ogg-vorbis: bf7c407c2cedff20999df2af8eb42d56 -> 
  custom:audio-encoder-webm-vorbis: bf7c407c2cedff20999df2af8eb42d56 -> 
========================================================================
Received Prepare
Registering precompiled user dll's ...
Registered in 0.005134 seconds.
Begin MonoManager ReloadAssembly
Native extension for Lumin target not found
Native extension for LinuxStandalone target not found
Native extension for WindowsStandalone target not found
Native extension for OSXStandalone target not found
Native extension for WebGL target not found
Refreshing native plugins compatible for Editor in 0.80 ms, found 3 plugins.
Preloading 0 native plugins for Editor in 0.00 ms.
Mono: successfully reloaded assembly
- Completed reload, in  1.009 seconds
Platform modules already initialized, skipping
Refreshing native plugins compatible for Editor in 0.45 ms, found 3 plugins.
Preloading 0 native plugins for Editor in 0.00 ms.
Unloading 2328 Unused Serialized files (Serialized files now loaded: 0)
System memory in use before: 109.7 MB.
System memory in use after: 108.9 MB.

Unloading 32 unused Assets to reduce memory usage. Loaded Objects now: 2873.
Total: 2.252600 ms (FindLiveObjects: 0.220400 ms CreateObjectMapping: 0.086100 ms MarkObjects: 1.513900 ms  DeleteObjects: 0.431500 ms)

AssetImportParameters requested are different than current active one (requested -> active):
  custom:framework-win-MediaFoundation: 216162199b28c13a410421893ffa2e32 -> 
  custom:video-decoder-ogg-theora: a1e56fd34408186e4bbccfd4996cb3dc -> 
  custom:container-muxer-webm: aa71ff27fc2769a1b78a27578f13a17b -> 
  custom:container-demuxer-webm: 4f35f7cbe854078d1ac9338744f61a02 -> 
  custom:container-demuxer-ogg: 62fdf1f143b41e24485cea50d1cbac27 -> 
  custom:video-encoder-webm-vp8: eb34c28f22e8b96e1ab97ce403110664 -> 
  custom:video-codec-MediaFoundation-h265: e54d7ab0439102e2317fc1e4b246158d -> 
  custom:video-decoder-webm-vp8: 9c59270c3fd7afecdb556c50c9e8de78 -> 
  custom:audio-decoder-ogg-vorbis: bf7c407c2cedff20999df2af8eb42d56 -> 
  custom:audio-encoder-webm-vorbis: bf7c407c2cedff20999df2af8eb42d56 -> 
========================================================================
Received Prepare
Registering precompiled user dll's ...
Registered in 0.002389 seconds.
Begin MonoManager ReloadAssembly
Native extension for Lumin target not found
Native extension for LinuxStandalone target not found
Native extension for WindowsStandalone target not found
Native extension for OSXStandalone target not found
Native extension for WebGL target not found
Refreshing native plugins compatible for Editor in 0.45 ms, found 3 plugins.
Preloading 0 native plugins for Editor in 0.00 ms.
Mono: successfully reloaded assembly
- Completed reload, in  0.912 seconds
Platform modules already initialized, skipping
Refreshing native plugins compatible for Editor in 0.45 ms, found 3 plugins.
Preloading 0 native plugins for Editor in 0.00 ms.
Unloading 2327 Unused Serialized files (Serialized files now loaded: 0)
System memory in use before: 109.6 MB.
System memory in use after: 108.9 MB.

Unloading 32 unused Assets to reduce memory usage. Loaded Objects now: 2876.
Total: 2.242300 ms (FindLiveObjects: 0.215400 ms CreateObjectMapping: 0.088900 ms MarkObjects: 1.498800 ms  DeleteObjects: 0.438300 ms)

AssetImportParameters requested are different than current active one (requested -> active):
  custom:framework-win-MediaFoundation: 216162199b28c13a410421893ffa2e32 -> 
  custom:video-decoder-ogg-theora: a1e56fd34408186e4bbccfd4996cb3dc -> 
  custom:container-muxer-webm: aa71ff27fc2769a1b78a27578f13a17b -> 
  custom:container-demuxer-webm: 4f35f7cbe854078d1ac9338744f61a02 -> 
  custom:container-demuxer-ogg: 62fdf1f143b41e24485cea50d1cbac27 -> 
  custom:video-encoder-webm-vp8: eb34c28f22e8b96e1ab97ce403110664 -> 
  custom:video-codec-MediaFoundation-h265: e54d7ab0439102e2317fc1e4b246158d -> 
  custom:video-decoder-webm-vp8: 9c59270c3fd7afecdb556c50c9e8de78 -> 
  custom:audio-decoder-ogg-vorbis: bf7c407c2cedff20999df2af8eb42d56 -> 
  custom:audio-encoder-webm-vorbis: bf7c407c2cedff20999df2af8eb42d56 -> 
========================================================================
Received Import Request.
  Time since last request: 681.195482 seconds.
  path: Assets/AstarPathfindingProject
  artifactKey: Guid(6942e1e80e8b54fde9147e843f1bec4f) Importer(815301076,1909f56bfc062723c751e8b465ee728b)
Start importing Assets/AstarPathfindingProject using Guid(6942e1e80e8b54fde9147e843f1bec4f) Importer(815301076,1909f56bfc062723c751e8b465ee728b)  -> (artifact id: 'ee86edc616d8423fc85064270b1c60b8') in 0.017812 seconds 
  Import took 0.024227 seconds .

========================================================================
Received Import Request.
  Time since last request: 0.027998 seconds.
  path: Assets/AstarPathfindingProject/AstarPathfindingProject.asmdef
  artifactKey: Guid(efa45043feb7e4147a305b73b5cea642) Importer(815301076,1909f56bfc062723c751e8b465ee728b)
Start importing Assets/AstarPathfindingProject/AstarPathfindingProject.asmdef using Guid(efa45043feb7e4147a305b73b5cea642) Importer(815301076,1909f56bfc062723c751e8b465ee728b)  -> (artifact id: 'a30849f3614aa581408f07493d530746') in 0.005323 seconds 
  Import took 0.008520 seconds .

========================================================================
Received Import Request.
  Time since last request: 6.769581 seconds.
  path: Assets/AstarPathfindingProject/Resources
  artifactKey: Guid(c47354d98fca76707a4a9c424fcaa6e6) Importer(815301076,1909f56bfc062723c751e8b465ee728b)
Start importing Assets/AstarPathfindingProject/Resources using Guid(c47354d98fca76707a4a9c424fcaa6e6) Importer(815301076,1909f56bfc062723c751e8b465ee728b)  -> (artifact id: 'ca3e2aca26339146530bbd77e8740b09') in 0.011976 seconds 
  Import took 0.015632 seconds .

========================================================================
Received Import Request.
  Time since last request: 0.000465 seconds.
  path: Assets/AstarPathfindingProject/Resources
  artifactKey: Guid(c47354d98fca76707a4a9c424fcaa6e6) Importer(815301076,1909f56bfc062723c751e8b465ee728b)
Start importing Assets/AstarPathfindingProject/Resources using Guid(c47354d98fca76707a4a9c424fcaa6e6) Importer(815301076,1909f56bfc062723c751e8b465ee728b)  -> (artifact id: 'ca3e2aca26339146530bbd77e8740b09') in 0.005595 seconds 
  Import took 0.009526 seconds .

========================================================================
Received Import Request.
  Time since last request: 0.084885 seconds.
  path: Assets/AstarPathfindingProject/Resources/handles_aaline.png
  artifactKey: Guid(2bdd62a589f28e83fb8c3eabe0cd1652) Importer(815301076,1909f56bfc062723c751e8b465ee728b)
Start importing Assets/AstarPathfindingProject/Resources/handles_aaline.png using Guid(2bdd62a589f28e83fb8c3eabe0cd1652) Importer(815301076,1909f56bfc062723c751e8b465ee728b)  -> (artifact id: '944aaebd4e3d5f536467f3d2f8ed3510') in 0.091418 seconds 
  Import took 0.095408 seconds .

========================================================================
Received Import Request.
  Time since last request: 22.109234 seconds.
  path: Assets/Resources/Baddie.prefab
  artifactKey: Guid(6cff1cf0f930160428fa0185a4c28cae) Importer(815301076,1909f56bfc062723c751e8b465ee728b)
Start importing Assets/Resources/Baddie.prefab using Guid(6cff1cf0f930160428fa0185a4c28cae) Importer(815301076,1909f56bfc062723c751e8b465ee728b)  -> (artifact id: '5017740879e2d4aab90f88c2972f2b6c') in 0.171300 seconds 
  Import took 0.175826 seconds .

========================================================================
Received Import Request.
  Time since last request: 1.232768 seconds.
  path: Assets/Resources/Baddie.prefab
  artifactKey: Guid(6cff1cf0f930160428fa0185a4c28cae) Importer(815301076,1909f56bfc062723c751e8b465ee728b)
Start importing Assets/Resources/Baddie.prefab using Guid(6cff1cf0f930160428fa0185a4c28cae) Importer(815301076,1909f56bfc062723c751e8b465ee728b)  -> (artifact id: '12ab00f9a08a8f0d48f31ec4a7efc179') in 0.015239 seconds 
  Import took 0.019547 seconds .

========================================================================
Received Import Request.
  Time since last request: 16.018463 seconds.
  path: Assets/Resources/Baddie.prefab
  artifactKey: Guid(6cff1cf0f930160428fa0185a4c28cae) Importer(815301076,1909f56bfc062723c751e8b465ee728b)
Start importing Assets/Resources/Baddie.prefab using Guid(6cff1cf0f930160428fa0185a4c28cae) Importer(815301076,1909f56bfc062723c751e8b465ee728b)  -> (artifact id: '42b921c9281dd6bd7d59e4ef9a1065fe') in 0.028494 seconds 
  Import took 0.032652 seconds .

========================================================================
Received Import Request.
  Time since last request: 15.322762 seconds.
  path: Assets/Resources/Baddie.prefab
  artifactKey: Guid(6cff1cf0f930160428fa0185a4c28cae) Importer(815301076,1909f56bfc062723c751e8b465ee728b)
Start importing Assets/Resources/Baddie.prefab using Guid(6cff1cf0f930160428fa0185a4c28cae) Importer(815301076,1909f56bfc062723c751e8b465ee728b)  -> (artifact id: 'a80ac09fbe838a89a55b012a88b368b6') in 0.014819 seconds 
  Import took 0.019967 seconds .

AssetImportWorkerClient::OnTransportError - code=2 error=End of file
